0 info it worked if it ends with ok
1 verbose cli [ 'D:\\node\\node.exe',
1 verbose cli   'D:\\node\\node_modules\\npm\\bin\\npm-cli.js',
1 verbose cli   'run',
1 verbose cli   'tsc',
1 verbose cli   '--proxy=http://U33843:June%40007@165.225.104.32:10223' ]
2 info using npm@3.8.6
3 info using node@v5.11.1
4 verbose run-script [ 'pretsc', 'tsc', 'posttsc' ]
5 info lifecycle angular2-quickstart@1.0.0~pretsc: angular2-quickstart@1.0.0
6 silly lifecycle angular2-quickstart@1.0.0~pretsc: no script for pretsc, continuing
7 info lifecycle angular2-quickstart@1.0.0~tsc: angular2-quickstart@1.0.0
8 verbose lifecycle angular2-quickstart@1.0.0~tsc: unsafe-perm in lifecycle true
9 verbose lifecycle angular2-quickstart@1.0.0~tsc: PATH: D:\node\node_modules\npm\bin\node-gyp-bin;D:\workspace\angular2boot\src\main\resources\static\node_modules\.bin;D:\node;D:\node;C:/Program Files/Java/jre1.8.0_25/bin/server;C:/Program Files/Java/jre1.8.0_25/bin;C:/Program Files/Java/jre1.8.0_25/lib/amd64;D:\oraclexe\app\oracle\product\10.2.0\server\bin;C:\Program Files\Common Files\Microsoft Shared\Microsoft Online Services;C:\Program Files (x86)\Common Files\Microsoft Shared\Microsoft Online Services;C:\ProgramData\Oracle\Java\javapath;C:\WINDOWS\system32;C:\WINDOWS;C:\WINDOWS\System32\Wbem;C:\WINDOWS\System32\WindowsPowerShell\v1.0\;C:\WINDOWS\CCM;C:\WINDOWS\CCM;C:\Program Files\Java\jdk1.8.0_25\bin;C:\ProgramData\chocolatey\bin;D:\node;;D:\eclipse-jee-mars-2-win32-x86_64\eclipse;;
10 verbose lifecycle angular2-quickstart@1.0.0~tsc: CWD: D:\workspace\angular2boot\src\main\resources\static
11 silly lifecycle angular2-quickstart@1.0.0~tsc: Args: [ '/d /s /c', 'tsc' ]
12 silly lifecycle angular2-quickstart@1.0.0~tsc: Returned: code: 2  signal: null
13 info lifecycle angular2-quickstart@1.0.0~tsc: Failed to exec tsc script
14 verbose stack Error: angular2-quickstart@1.0.0 tsc: `tsc`
14 verbose stack Exit status 2
14 verbose stack     at EventEmitter.<anonymous> (D:\node\node_modules\npm\lib\utils\lifecycle.js:239:16)
14 verbose stack     at emitTwo (events.js:100:13)
14 verbose stack     at EventEmitter.emit (events.js:185:7)
14 verbose stack     at ChildProcess.<anonymous> (D:\node\node_modules\npm\lib\utils\spawn.js:24:14)
14 verbose stack     at emitTwo (events.js:100:13)
14 verbose stack     at ChildProcess.emit (events.js:185:7)
14 verbose stack     at maybeClose (internal/child_process.js:850:16)
14 verbose stack     at Process.ChildProcess._handle.onexit (internal/child_process.js:215:5)
15 verbose pkgid angular2-quickstart@1.0.0
16 verbose cwd D:\workspace\angular2boot\src\main\resources\static
17 error Windows_NT 6.1.7601
18 error argv "D:\\node\\node.exe" "D:\\node\\node_modules\\npm\\bin\\npm-cli.js" "run" "tsc" "--proxy=http://U33843:June%40007@165.225.104.32:10223"
19 error node v5.11.1
20 error npm  v3.8.6
21 error code ELIFECYCLE
22 error angular2-quickstart@1.0.0 tsc: `tsc`
22 error Exit status 2
23 error Failed at the angular2-quickstart@1.0.0 tsc script 'tsc'.
23 error Make sure you have the latest version of node.js and npm installed.
23 error If you do, this is most likely a problem with the angular2-quickstart package,
23 error not with npm itself.
23 error Tell the author that this fails on your system:
23 error     tsc
23 error You can get information on how to open an issue for this project with:
23 error     npm bugs angular2-quickstart
23 error Or if that isn't available, you can get their info via:
23 error     npm owner ls angular2-quickstart
23 error There is likely additional logging output above.
24 verbose exit [ 1, true ]
